C:\USERS\THEHOLLOWMANV\DOCUMENTS\VISUAL STUDIO 2012\PROJECTS\BATTLENET\BATTLENET\DEBUG\BATTLENET.PCH
C:\USERS\THEHOLLOWMANV\DOCUMENTS\VISUAL STUDIO 2012\PROJECTS\BATTLENET\BATTLENET\DEBUG\STDAFX.OBJ
C:\USERS\THEHOLLOWMANV\DOCUMENTS\VISUAL STUDIO 2012\PROJECTS\BATTLENET\BATTLENET\DEBUG\VC110.PDB
C:\USERS\THEHOLLOWMANV\DOCUMENTS\VISUAL STUDIO 2012\PROJECTS\BATTLENET\BATTLENET\DEBUG\BATTLENET.OBJ
C:\USERS\THEHOLLOWMANV\DOCUMENTS\VISUAL STUDIO 2012\PROJECTS\BATTLENET\BATTLENET\DEBUG\GUI.OBJ
C:\USERS\THEHOLLOWMANV\DOCUMENTS\VISUAL STUDIO 2012\PROJECTS\BATTLENET\BATTLENET\DEBUG\TILE.OBJ
C:\USERS\THEHOLLOWMANV\DOCUMENTS\VISUAL STUDIO 2012\PROJECTS\BATTLENET\BATTLENET\DEBUG\BOARD.OBJ
C:\USERS\THEHOLLOWMANV\DOCUMENTS\VISUAL STUDIO 2012\PROJECTS\BATTLENET\DEBUG\BATTLENET.ILK
C:\USERS\THEHOLLOWMANV\DOCUMENTS\VISUAL STUDIO 2012\PROJECTS\BATTLENET\DEBUG\BATTLENET.EXE
C:\USERS\THEHOLLOWMANV\DOCUMENTS\VISUAL STUDIO 2012\PROJECTS\BATTLENET\DEBUG\BATTLENET.PDB
C:\Users\TheHollowManV\Documents\Visual Studio 2012\Projects\BattleNet\BattleNet\Debug\BattleNet.obj
C:\Users\TheHollowManV\Documents\Visual Studio 2012\Projects\BattleNet\BattleNet\Debug\Board.obj
C:\Users\TheHollowManV\Documents\Visual Studio 2012\Projects\BattleNet\BattleNet\Debug\GUI.obj
C:\Users\TheHollowManV\Documents\Visual Studio 2012\Projects\BattleNet\BattleNet\Debug\stdafx.obj
C:\Users\TheHollowManV\Documents\Visual Studio 2012\Projects\BattleNet\BattleNet\Debug\Tile.obj
C:\Users\TheHollowManV\Documents\Visual Studio 2012\Projects\BattleNet\BattleNet\Debug\cl.command.1.tlog
C:\Users\TheHollowManV\Documents\Visual Studio 2012\Projects\BattleNet\BattleNet\Debug\CL.read.1.tlog
C:\Users\TheHollowManV\Documents\Visual Studio 2012\Projects\BattleNet\BattleNet\Debug\CL.write.1.tlog
C:\Users\TheHollowManV\Documents\Visual Studio 2012\Projects\BattleNet\BattleNet\Debug\link-cvtres.read.1.tlog
C:\Users\TheHollowManV\Documents\Visual Studio 2012\Projects\BattleNet\BattleNet\Debug\link-cvtres.write.1.tlog
C:\Users\TheHollowManV\Documents\Visual Studio 2012\Projects\BattleNet\BattleNet\Debug\link-rc.read.1.tlog
C:\Users\TheHollowManV\Documents\Visual Studio 2012\Projects\BattleNet\BattleNet\Debug\link-rc.write.1.tlog
C:\Users\TheHollowManV\Documents\Visual Studio 2012\Projects\BattleNet\BattleNet\Debug\link.12436-cvtres.read.1.tlog
C:\Users\TheHollowManV\Documents\Visual Studio 2012\Projects\BattleNet\BattleNet\Debug\link.12436-cvtres.write.1.tlog
C:\Users\TheHollowManV\Documents\Visual Studio 2012\Projects\BattleNet\BattleNet\Debug\link.12436-rc.read.1.tlog
C:\Users\TheHollowManV\Documents\Visual Studio 2012\Projects\BattleNet\BattleNet\Debug\link.12436-rc.write.1.tlog
C:\Users\TheHollowManV\Documents\Visual Studio 2012\Projects\BattleNet\BattleNet\Debug\link.12436.read.1.tlog
C:\Users\TheHollowManV\Documents\Visual Studio 2012\Projects\BattleNet\BattleNet\Debug\link.12436.write.1.tlog
C:\Users\TheHollowManV\Documents\Visual Studio 2012\Projects\BattleNet\BattleNet\Debug\link.13160-cvtres.read.1.tlog
C:\Users\TheHollowManV\Documents\Visual Studio 2012\Projects\BattleNet\BattleNet\Debug\link.13160-cvtres.write.1.tlog
C:\Users\TheHollowManV\Documents\Visual Studio 2012\Projects\BattleNet\BattleNet\Debug\link.13160-rc.read.1.tlog
C:\Users\TheHollowManV\Documents\Visual Studio 2012\Projects\BattleNet\BattleNet\Debug\link.13160-rc.write.1.tlog
C:\Users\TheHollowManV\Documents\Visual Studio 2012\Projects\BattleNet\BattleNet\Debug\link.13160.read.1.tlog
C:\Users\TheHollowManV\Documents\Visual Studio 2012\Projects\BattleNet\BattleNet\Debug\link.13160.write.1.tlog
C:\Users\TheHollowManV\Documents\Visual Studio 2012\Projects\BattleNet\BattleNet\Debug\link.14068-cvtres.read.1.tlog
C:\Users\TheHollowManV\Documents\Visual Studio 2012\Projects\BattleNet\BattleNet\Debug\link.14068-cvtres.write.1.tlog
C:\Users\TheHollowManV\Documents\Visual Studio 2012\Projects\BattleNet\BattleNet\Debug\link.14068-rc.read.1.tlog
C:\Users\TheHollowManV\Documents\Visual Studio 2012\Projects\BattleNet\BattleNet\Debug\link.14068-rc.write.1.tlog
C:\Users\TheHollowManV\Documents\Visual Studio 2012\Projects\BattleNet\BattleNet\Debug\link.14068.read.1.tlog
C:\Users\TheHollowManV\Documents\Visual Studio 2012\Projects\BattleNet\BattleNet\Debug\link.14068.write.1.tlog
C:\Users\TheHollowManV\Documents\Visual Studio 2012\Projects\BattleNet\BattleNet\Debug\link.14780-cvtres.read.1.tlog
C:\Users\TheHollowManV\Documents\Visual Studio 2012\Projects\BattleNet\BattleNet\Debug\link.14780-cvtres.write.1.tlog
C:\Users\TheHollowManV\Documents\Visual Studio 2012\Projects\BattleNet\BattleNet\Debug\link.14780-rc.read.1.tlog
C:\Users\TheHollowManV\Documents\Visual Studio 2012\Projects\BattleNet\BattleNet\Debug\link.14780-rc.write.1.tlog
C:\Users\TheHollowManV\Documents\Visual Studio 2012\Projects\BattleNet\BattleNet\Debug\link.14780.read.1.tlog
C:\Users\TheHollowManV\Documents\Visual Studio 2012\Projects\BattleNet\BattleNet\Debug\link.14780.write.1.tlog
C:\Users\TheHollowManV\Documents\Visual Studio 2012\Projects\BattleNet\BattleNet\Debug\link.16664-cvtres.read.1.tlog
C:\Users\TheHollowManV\Documents\Visual Studio 2012\Projects\BattleNet\BattleNet\Debug\link.16664-cvtres.write.1.tlog
C:\Users\TheHollowManV\Documents\Visual Studio 2012\Projects\BattleNet\BattleNet\Debug\link.16664-rc.read.1.tlog
C:\Users\TheHollowManV\Documents\Visual Studio 2012\Projects\BattleNet\BattleNet\Debug\link.16664-rc.write.1.tlog
C:\Users\TheHollowManV\Documents\Visual Studio 2012\Projects\BattleNet\BattleNet\Debug\link.16664.read.1.tlog
C:\Users\TheHollowManV\Documents\Visual Studio 2012\Projects\BattleNet\BattleNet\Debug\link.16664.write.1.tlog
C:\Users\TheHollowManV\Documents\Visual Studio 2012\Projects\BattleNet\BattleNet\Debug\link.16916-cvtres.read.1.tlog
C:\Users\TheHollowManV\Documents\Visual Studio 2012\Projects\BattleNet\BattleNet\Debug\link.16916-cvtres.write.1.tlog
C:\Users\TheHollowManV\Documents\Visual Studio 2012\Projects\BattleNet\BattleNet\Debug\link.16916-rc.read.1.tlog
C:\Users\TheHollowManV\Documents\Visual Studio 2012\Projects\BattleNet\BattleNet\Debug\link.16916-rc.write.1.tlog
C:\Users\TheHollowManV\Documents\Visual Studio 2012\Projects\BattleNet\BattleNet\Debug\link.16916.read.1.tlog
C:\Users\TheHollowManV\Documents\Visual Studio 2012\Projects\BattleNet\BattleNet\Debug\link.16916.write.1.tlog
C:\Users\TheHollowManV\Documents\Visual Studio 2012\Projects\BattleNet\BattleNet\Debug\link.17552-cvtres.read.1.tlog
C:\Users\TheHollowManV\Documents\Visual Studio 2012\Projects\BattleNet\BattleNet\Debug\link.17552-cvtres.write.1.tlog
C:\Users\TheHollowManV\Documents\Visual Studio 2012\Projects\BattleNet\BattleNet\Debug\link.17552-rc.read.1.tlog
C:\Users\TheHollowManV\Documents\Visual Studio 2012\Projects\BattleNet\BattleNet\Debug\link.17552-rc.write.1.tlog
C:\Users\TheHollowManV\Documents\Visual Studio 2012\Projects\BattleNet\BattleNet\Debug\link.17552.read.1.tlog
C:\Users\TheHollowManV\Documents\Visual Studio 2012\Projects\BattleNet\BattleNet\Debug\link.17552.write.1.tlog
C:\Users\TheHollowManV\Documents\Visual Studio 2012\Projects\BattleNet\BattleNet\Debug\link.21060-cvtres.read.1.tlog
C:\Users\TheHollowManV\Documents\Visual Studio 2012\Projects\BattleNet\BattleNet\Debug\link.21060-cvtres.write.1.tlog
C:\Users\TheHollowManV\Documents\Visual Studio 2012\Projects\BattleNet\BattleNet\Debug\link.21060-rc.read.1.tlog
C:\Users\TheHollowManV\Documents\Visual Studio 2012\Projects\BattleNet\BattleNet\Debug\link.21060-rc.write.1.tlog
C:\Users\TheHollowManV\Documents\Visual Studio 2012\Projects\BattleNet\BattleNet\Debug\link.21060.read.1.tlog
C:\Users\TheHollowManV\Documents\Visual Studio 2012\Projects\BattleNet\BattleNet\Debug\link.21060.write.1.tlog
C:\Users\TheHollowManV\Documents\Visual Studio 2012\Projects\BattleNet\BattleNet\Debug\link.21476-cvtres.read.1.tlog
C:\Users\TheHollowManV\Documents\Visual Studio 2012\Projects\BattleNet\BattleNet\Debug\link.21476-cvtres.write.1.tlog
C:\Users\TheHollowManV\Documents\Visual Studio 2012\Projects\BattleNet\BattleNet\Debug\link.21476-rc.read.1.tlog
C:\Users\TheHollowManV\Documents\Visual Studio 2012\Projects\BattleNet\BattleNet\Debug\link.21476-rc.write.1.tlog
C:\Users\TheHollowManV\Documents\Visual Studio 2012\Projects\BattleNet\BattleNet\Debug\link.21476.read.1.tlog
C:\Users\TheHollowManV\Documents\Visual Studio 2012\Projects\BattleNet\BattleNet\Debug\link.21476.write.1.tlog
C:\Users\TheHollowManV\Documents\Visual Studio 2012\Projects\BattleNet\BattleNet\Debug\link.21500-cvtres.read.1.tlog
C:\Users\TheHollowManV\Documents\Visual Studio 2012\Projects\BattleNet\BattleNet\Debug\link.21500-cvtres.write.1.tlog
C:\Users\TheHollowManV\Documents\Visual Studio 2012\Projects\BattleNet\BattleNet\Debug\link.21500-rc.read.1.tlog
C:\Users\TheHollowManV\Documents\Visual Studio 2012\Projects\BattleNet\BattleNet\Debug\link.21500-rc.write.1.tlog
C:\Users\TheHollowManV\Documents\Visual Studio 2012\Projects\BattleNet\BattleNet\Debug\link.21500.read.1.tlog
C:\Users\TheHollowManV\Documents\Visual Studio 2012\Projects\BattleNet\BattleNet\Debug\link.21500.write.1.tlog
C:\Users\TheHollowManV\Documents\Visual Studio 2012\Projects\BattleNet\BattleNet\Debug\link.4592-cvtres.read.1.tlog
C:\Users\TheHollowManV\Documents\Visual Studio 2012\Projects\BattleNet\BattleNet\Debug\link.4592-cvtres.write.1.tlog
C:\Users\TheHollowManV\Documents\Visual Studio 2012\Projects\BattleNet\BattleNet\Debug\link.4592-rc.read.1.tlog
C:\Users\TheHollowManV\Documents\Visual Studio 2012\Projects\BattleNet\BattleNet\Debug\link.4592-rc.write.1.tlog
C:\Users\TheHollowManV\Documents\Visual Studio 2012\Projects\BattleNet\BattleNet\Debug\link.4592.read.1.tlog
C:\Users\TheHollowManV\Documents\Visual Studio 2012\Projects\BattleNet\BattleNet\Debug\link.4592.write.1.tlog
C:\Users\TheHollowManV\Documents\Visual Studio 2012\Projects\BattleNet\BattleNet\Debug\link.6412-cvtres.read.1.tlog
C:\Users\TheHollowManV\Documents\Visual Studio 2012\Projects\BattleNet\BattleNet\Debug\link.6412-cvtres.write.1.tlog
C:\Users\TheHollowManV\Documents\Visual Studio 2012\Projects\BattleNet\BattleNet\Debug\link.6412-rc.read.1.tlog
C:\Users\TheHollowManV\Documents\Visual Studio 2012\Projects\BattleNet\BattleNet\Debug\link.6412-rc.write.1.tlog
C:\Users\TheHollowManV\Documents\Visual Studio 2012\Projects\BattleNet\BattleNet\Debug\link.6412.read.1.tlog
C:\Users\TheHollowManV\Documents\Visual Studio 2012\Projects\BattleNet\BattleNet\Debug\link.6412.write.1.tlog
C:\Users\TheHollowManV\Documents\Visual Studio 2012\Projects\BattleNet\BattleNet\Debug\link.6912-cvtres.read.1.tlog
C:\Users\TheHollowManV\Documents\Visual Studio 2012\Projects\BattleNet\BattleNet\Debug\link.6912-cvtres.write.1.tlog
C:\Users\TheHollowManV\Documents\Visual Studio 2012\Projects\BattleNet\BattleNet\Debug\link.6912-rc.read.1.tlog
C:\Users\TheHollowManV\Documents\Visual Studio 2012\Projects\BattleNet\BattleNet\Debug\link.6912-rc.write.1.tlog
C:\Users\TheHollowManV\Documents\Visual Studio 2012\Projects\BattleNet\BattleNet\Debug\link.6912.read.1.tlog
C:\Users\TheHollowManV\Documents\Visual Studio 2012\Projects\BattleNet\BattleNet\Debug\link.6912.write.1.tlog
C:\Users\TheHollowManV\Documents\Visual Studio 2012\Projects\BattleNet\BattleNet\Debug\link.6968-cvtres.read.1.tlog
C:\Users\TheHollowManV\Documents\Visual Studio 2012\Projects\BattleNet\BattleNet\Debug\link.6968-cvtres.write.1.tlog
C:\Users\TheHollowManV\Documents\Visual Studio 2012\Projects\BattleNet\BattleNet\Debug\link.6968-rc.read.1.tlog
C:\Users\TheHollowManV\Documents\Visual Studio 2012\Projects\BattleNet\BattleNet\Debug\link.6968-rc.write.1.tlog
C:\Users\TheHollowManV\Documents\Visual Studio 2012\Projects\BattleNet\BattleNet\Debug\link.6968.read.1.tlog
C:\Users\TheHollowManV\Documents\Visual Studio 2012\Projects\BattleNet\BattleNet\Debug\link.6968.write.1.tlog
C:\Users\TheHollowManV\Documents\Visual Studio 2012\Projects\BattleNet\BattleNet\Debug\link.8556-cvtres.read.1.tlog
C:\Users\TheHollowManV\Documents\Visual Studio 2012\Projects\BattleNet\BattleNet\Debug\link.8556-cvtres.write.1.tlog
C:\Users\TheHollowManV\Documents\Visual Studio 2012\Projects\BattleNet\BattleNet\Debug\link.8556-rc.read.1.tlog
C:\Users\TheHollowManV\Documents\Visual Studio 2012\Projects\BattleNet\BattleNet\Debug\link.8556-rc.write.1.tlog
C:\Users\TheHollowManV\Documents\Visual Studio 2012\Projects\BattleNet\BattleNet\Debug\link.8556.read.1.tlog
C:\Users\TheHollowManV\Documents\Visual Studio 2012\Projects\BattleNet\BattleNet\Debug\link.8556.write.1.tlog
C:\Users\TheHollowManV\Documents\Visual Studio 2012\Projects\BattleNet\BattleNet\Debug\link.8732-cvtres.read.1.tlog
C:\Users\TheHollowManV\Documents\Visual Studio 2012\Projects\BattleNet\BattleNet\Debug\link.8732-cvtres.write.1.tlog
C:\Users\TheHollowManV\Documents\Visual Studio 2012\Projects\BattleNet\BattleNet\Debug\link.8732-rc.read.1.tlog
C:\Users\TheHollowManV\Documents\Visual Studio 2012\Projects\BattleNet\BattleNet\Debug\link.8732-rc.write.1.tlog
C:\Users\TheHollowManV\Documents\Visual Studio 2012\Projects\BattleNet\BattleNet\Debug\link.8732.read.1.tlog
C:\Users\TheHollowManV\Documents\Visual Studio 2012\Projects\BattleNet\BattleNet\Debug\link.8732.write.1.tlog
C:\Users\TheHollowManV\Documents\Visual Studio 2012\Projects\BattleNet\BattleNet\Debug\link.964-cvtres.read.1.tlog
C:\Users\TheHollowManV\Documents\Visual Studio 2012\Projects\BattleNet\BattleNet\Debug\link.964-cvtres.write.1.tlog
C:\Users\TheHollowManV\Documents\Visual Studio 2012\Projects\BattleNet\BattleNet\Debug\link.964-rc.read.1.tlog
C:\Users\TheHollowManV\Documents\Visual Studio 2012\Projects\BattleNet\BattleNet\Debug\link.964-rc.write.1.tlog
C:\Users\TheHollowManV\Documents\Visual Studio 2012\Projects\BattleNet\BattleNet\Debug\link.964.read.1.tlog
C:\Users\TheHollowManV\Documents\Visual Studio 2012\Projects\BattleNet\BattleNet\Debug\link.964.write.1.tlog
C:\Users\TheHollowManV\Documents\Visual Studio 2012\Projects\BattleNet\BattleNet\Debug\link.command.1.tlog
C:\Users\TheHollowManV\Documents\Visual Studio 2012\Projects\BattleNet\BattleNet\Debug\link.read.1.tlog
C:\Users\TheHollowManV\Documents\Visual Studio 2012\Projects\BattleNet\BattleNet\Debug\link.write.1.tlog
C:\Users\TheHollowManV\Documents\Visual Studio 2012\Projects\BattleNet\BattleNet\Debug\BattleNet.pch
C:\Users\TheHollowManV\Documents\Visual Studio 2012\Projects\BattleNet\BattleNet\Debug\vc110.idb
C:\Users\TheHollowManV\Documents\Visual Studio 2012\Projects\BattleNet\BattleNet\Debug\vc110.pdb
C:\Users\TheHollowManV\Documents\Visual Studio 2012\Projects\BattleNet\Debug\BattleNet.pdb
C:\Users\TheHollowManV\Documents\Visual Studio 2012\Projects\BattleNet\Debug\BattleNet.exe
C:\Users\TheHollowManV\Documents\Visual Studio 2012\Projects\BattleNet\Debug\BattleNet.ilk
